2018-10-01 12:16:57,880#:#ERROR#:#B101# Failed Bluetooth Connection on Vehicle #SND 9460,#BUID 00:13:EF:C0:01:62#
2018-10-01 12:18:40,881#:#ERROR#:#B101# Failed Bluetooth Connection on Vehicle #SND 9460,#BUID 00:13:EF:C0:01:62#
2018-10-01 12:46:56,704#:#ERROR#:#B101# Failed Bluetooth Connection on Vehicle #SND 9391,#BUID 00:13:EF:C0:01:4A#
2018-10-01 12:47:05,375#:#ERROR#:#B101# Failed Bluetooth Connection on Vehicle #SND 9391,#BUID 00:13:EF:C0:01:4A#
2018-10-01 12:47:14,060#:#ERROR#:#B101# Failed Bluetooth Connection on Vehicle #SND 9391,#BUID 00:13:EF:C0:01:4A#
2018-10-01 12:47:22,720#:#ERROR#:#B101# Failed Bluetooth Connection on Vehicle #SND 9391,#BUID 00:13:EF:C0:01:4A#
2018-10-01 12:47:31,375#:#ERROR#:#B101# Failed Bluetooth Connection on Vehicle #SND 9391,#BUID 00:13:EF:C0:01:4A#
2018-10-01 12:47:40,068#:#ERROR#:#B101# Failed Bluetooth Connection on Vehicle #SND 9391,#BUID 00:13:EF:C0:01:4A#
2018-10-01 12:47:48,758#:#ERROR#:#B101# Failed Bluetooth Connection on Vehicle #SND 9391,#BUID 00:13:EF:C0:01:4A#
2018-10-01 12:48:08,455#:#ERROR#:#B101# Failed Bluetooth Connection on Vehicle #SND 9391,#BUID 00:13:EF:C0:01:4A#
2018-10-01 12:48:17,133#:#ERROR#:#B101# Failed Bluetooth Connection on Vehicle #SND 9391,#BUID 00:13:EF:C0:01:4A#
2018-10-01 12:48:25,856#:#ERROR#:#B101# Failed Bluetooth Connection on Vehicle #SND 9391,#BUID 00:13:EF:C0:01:4A#
2018-10-01 12:48:34,532#:#ERROR#:#B101# Failed Bluetooth Connection on Vehicle #SND 9391,#BUID 00:13:EF:C0:01:4A#
2018-10-01 12:48:43,236#:#ERROR#:#B101# Failed Bluetooth Connection on Vehicle #SND 9391,#BUID 00:13:EF:C0:01:4A#
2018-10-01 12:48:51,908#:#ERROR#:#B101# Failed Bluetooth Connection on Vehicle #SND 9391,#BUID 00:13:EF:C0:01:4A#
2018-10-01 12:49:00,600#:#ERROR#:#B101# Failed Bluetooth Connection on Vehicle #SND 9391,#BUID 00:13:EF:C0:01:4A#
2018-10-01 12:49:09,288#:#ERROR#:#B101# Failed Bluetooth Connection on Vehicle #SND 9391,#BUID 00:13:EF:C0:01:4A#
2018-10-01 12:49:32,146#:#ERROR#:#B101# Failed Bluetooth Connection on Vehicle #SND 9391,#BUID 00:13:EF:C0:01:4A#
2018-10-01 12:49:41,373#:#ERROR#:#B101# Failed Bluetooth Connection on Vehicle #SND 9391,#BUID 00:13:EF:C0:01:4A#
2018-10-01 12:49:50,045#:#ERROR#:#B101# Failed Bluetooth Connection on Vehicle #SND 9391,#BUID 00:13:EF:C0:01:4A#
2018-10-01 12:50:00,837#:#ERROR#:#B101# Failed Bluetooth Connection on Vehicle #SND 9391,#BUID 00:13:EF:C0:01:4A#
2018-10-01 12:52:51,789#:#ERROR#:#B101# Failed Bluetooth Connection on Vehicle #SND 9386,#BUID 00:13:EF:C0:01:22#
2018-10-01 12:53:12,074#:#ERROR#:#B101# Failed Bluetooth Connection on Vehicle #SND 9386,#BUID 00:13:EF:C0:01:22#
2018-10-01 12:56:42,861#:#ERROR#:#B101# Failed Bluetooth Connection on Vehicle #SND 9504,#BUID 00:13:EF:C0:01:55#
2018-10-01 12:56:56,791#:#ERROR#:#B101# Failed Bluetooth Connection on Vehicle #SND 9504,#BUID 00:13:EF:C0:01:55#
2018-10-01 12:57:30,146#:#ERROR#:#B101# Failed Bluetooth Connection on Vehicle #SND 9504,#BUID 00:13:EF:C0:01:55#
2018-10-01 13:26:15,568#:#ERROR#:#B101# Failed Bluetooth Connection on Vehicle #SND 9506,#BUID 00:13:EF:C0:01:7F#
2018-10-01 13:26:25,846#:#ERROR#:#B101# Failed Bluetooth Connection on Vehicle #SND 9506,#BUID 00:13:EF:C0:01:7F#
2018-10-01 13:39:40,282#:#ERROR#:#B101# Failed Bluetooth Connection on Vehicle #SND 8249,#BUID 00:13:EF:C0:01:2E#
2018-10-01 14:04:52,015#:#ERROR#:#B101# Failed Bluetooth Connection on Vehicle #SND 9403,#BUID 00:13:EF:C0:01:A3#
2018-10-01 14:08:38,167#:#ERROR#:#B101# Failed Bluetooth Connection on Vehicle #SND 7475,#BUID 00:13:EF:C0:01:A8#
2018-10-01 14:08:47,926#:#ERROR#:#B101# Failed Bluetooth Connection on Vehicle #SND 7475,#BUID 00:13:EF:C0:01:A8#
2018-10-01 14:09:03,967#:#ERROR#:#B101# Failed Bluetooth Connection on Vehicle #SND 7475,#BUID 00:13:EF:C0:01:A8#
2018-10-01 14:09:17,373#:#ERROR#:#B101# Failed Bluetooth Connection on Vehicle #SND 7475,#BUID 00:13:EF:C0:01:A8#
2018-10-01 14:09:26,067#:#ERROR#:#B101# Failed Bluetooth Connection on Vehicle #SND 7475,#BUID 00:13:EF:C0:01:A8#
2018-10-01 14:09:34,764#:#ERROR#:#B101# Failed Bluetooth Connection on Vehicle #SND 7475,#BUID 00:13:EF:C0:01:A8#
2018-10-01 14:09:43,468#:#ERROR#:#B101# Failed Bluetooth Connection on Vehicle #SND 7475,#BUID 00:13:EF:C0:01:A8#
2018-10-01 14:09:52,150#:#ERROR#:#B101# Failed Bluetooth Connection on Vehicle #SND 7475,#BUID 00:13:EF:C0:01:A8#
2018-10-01 14:10:02,417#:#ERROR#:#B101# Failed Bluetooth Connection on Vehicle #SND 7475,#BUID 00:13:EF:C0:01:A8#
2018-10-01 14:10:22,650#:#ERROR#:#B101# Failed Bluetooth Connection on Vehicle #SND 7475,#BUID 00:13:EF:C0:01:A8#
2018-10-01 14:10:32,910#:#ERROR#:#B101# Failed Bluetooth Connection on Vehicle #SND 7475,#BUID 00:13:EF:C0:01:A8#
2018-10-01 14:10:41,626#:#ERROR#:#B101# Failed Bluetooth Connection on Vehicle #SND 7475,#BUID 00:13:EF:C0:01:A8#
2018-10-01 14:10:50,336#:#ERROR#:#B101# Failed Bluetooth Connection on Vehicle #SND 7475,#BUID 00:13:EF:C0:01:A8#
2018-10-01 14:11:00,079#:#ERROR#:#B101# Failed Bluetooth Connection on Vehicle #SND 7475,#BUID 00:13:EF:C0:01:A8#
2018-10-01 14:11:11,936#:#ERROR#:#B101# Failed Bluetooth Connection on Vehicle #SND 7475,#BUID 00:13:EF:C0:01:A8#
2018-10-01 14:11:21,175#:#ERROR#:#B101# Failed Bluetooth Connection on Vehicle #SND 7475,#BUID 00:13:EF:C0:01:A8#
2018-10-01 14:11:46,112#:#ERROR#:#B101# Failed Bluetooth Connection on Vehicle #SND 7475,#BUID 00:13:EF:C0:01:A8#
2018-10-01 14:11:56,483#:#ERROR#:#B101# Failed Bluetooth Connection on Vehicle #SND 7475,#BUID 00:13:EF:C0:01:A8#
2018-10-01 14:12:05,172#:#ERROR#:#B101# Failed Bluetooth Connection on Vehicle #SND 7475,#BUID 00:13:EF:C0:01:A8#
2018-10-01 14:12:13,885#:#ERROR#:#B101# Failed Bluetooth Connection on Vehicle #SND 7475,#BUID 00:13:EF:C0:01:A8#
2018-10-01 14:12:22,599#:#ERROR#:#B101# Failed Bluetooth Connection on Vehicle #SND 7475,#BUID 00:13:EF:C0:01:A8#
2018-10-01 14:12:32,384#:#ERROR#:#B101# Failed Bluetooth Connection on Vehicle #SND 7475,#BUID 00:13:EF:C0:01:A8#
2018-10-01 14:12:41,109#:#ERROR#:#B101# Failed Bluetooth Connection on Vehicle #SND 7475,#BUID 00:13:EF:C0:01:A8#
2018-10-01 14:12:49,840#:#ERROR#:#B101# Failed Bluetooth Connection on Vehicle #SND 7475,#BUID 00:13:EF:C0:01:A8#
2018-10-01 14:12:59,656#:#ERROR#:#B101# Failed Bluetooth Connection on Vehicle #SND 7475,#BUID 00:13:EF:C0:01:A8#
2018-10-01 14:13:08,385#:#ERROR#:#B101# Failed Bluetooth Connection on Vehicle #SND 7475,#BUID 00:13:EF:C0:01:A8#
2018-10-01 14:13:17,085#:#ERROR#:#B101# Failed Bluetooth Connection on Vehicle #SND 7475,#BUID 00:13:EF:C0:01:A8#
2018-10-01 14:13:26,313#:#ERROR#:#B101# Failed Bluetooth Connection on Vehicle #SND 7475,#BUID 00:13:EF:C0:01:A8#
2018-10-01 14:13:35,013#:#ERROR#:#B101# Failed Bluetooth Connection on Vehicle #SND 7475,#BUID 00:13:EF:C0:01:A8#
2018-10-01 14:13:43,723#:#ERROR#:#B101# Failed Bluetooth Connection on Vehicle #SND 7475,#BUID 00:13:EF:C0:01:A8#
2018-10-01 14:13:53,476#:#ERROR#:#B101# Failed Bluetooth Connection on Vehicle #SND 7475,#BUID 00:13:EF:C0:01:A8#
2018-10-01 14:14:02,170#:#ERROR#:#B101# Failed Bluetooth Connection on Vehicle #SND 7475,#BUID 00:13:EF:C0:01:A8#
2018-10-01 14:14:10,875#:#ERROR#:#B101# Failed Bluetooth Connection on Vehicle #SND 7475,#BUID 00:13:EF:C0:01:A8#
2018-10-01 14:14:19,597#:#ERROR#:#B101# Failed Bluetooth Connection on Vehicle #SND 7475,#BUID 00:13:EF:C0:01:A8#
2018-10-01 14:14:28,320#:#ERROR#:#B101# Failed Bluetooth Connection on Vehicle #SND 7475,#BUID 00:13:EF:C0:01:A8#
2018-10-01 14:14:37,549#:#ERROR#:#B101# Failed Bluetooth Connection on Vehicle #SND 7475,#BUID 00:13:EF:C0:01:A8#
2018-10-01 14:14:46,287#:#ERROR#:#B101# Failed Bluetooth Connection on Vehicle #SND 7475,#BUID 00:13:EF:C0:01:A8#
2018-10-01 14:14:54,997#:#ERROR#:#B101# Failed Bluetooth Connection on Vehicle #SND 7475,#BUID 00:13:EF:C0:01:A8#
2018-10-01 14:15:03,711#:#ERROR#:#B101# Failed Bluetooth Connection on Vehicle #SND 7475,#BUID 00:13:EF:C0:01:A8#
2018-10-01 14:15:12,409#:#ERROR#:#B101# Failed Bluetooth Connection on Vehicle #SND 7475,#BUID 00:13:EF:C0:01:A8#
2018-10-01 14:15:21,159#:#ERROR#:#B101# Failed Bluetooth Connection on Vehicle #SND 7475,#BUID 00:13:EF:C0:01:A8#
2018-10-01 14:15:32,059#:#ERROR#:#B101# Failed Bluetooth Connection on Vehicle #SND 7475,#BUID 00:13:EF:C0:01:A8#
2018-10-01 14:15:41,319#:#ERROR#:#B101# Failed Bluetooth Connection on Vehicle #SND 7475,#BUID 00:13:EF:C0:01:A8#
2018-10-01 14:15:51,074#:#ERROR#:#B101# Failed Bluetooth Connection on Vehicle #SND 7475,#BUID 00:13:EF:C0:01:A8#
2018-10-01 14:47:46,541#:#ERROR#:#B101# Failed Bluetooth Connection on Vehicle #SND 9459,#BUID 00:13:EF:C0:01:1D#
2018-10-01 14:57:49,570#:#ERROR#:#B101# Failed Bluetooth Connection on Vehicle #SND 7119,#BUID 00:13:EF:C0:01:4E#
2018-10-01 14:57:58,273#:#ERROR#:#B101# Failed Bluetooth Connection on Vehicle #SND 7119,#BUID 00:13:EF:C0:01:4E#
2018-10-01 14:58:07,027#:#ERROR#:#B101# Failed Bluetooth Connection on Vehicle #SND 7119,#BUID 00:13:EF:C0:01:4E#
2018-10-01 14:58:15,757#:#ERROR#:#B101# Failed Bluetooth Connection on Vehicle #SND 7119,#BUID 00:13:EF:C0:01:4E#
2018-10-01 15:22:03,141#:#ERROR#:#B101# Failed Bluetooth Connection on Vehicle #SND 7873,#BUID 00:13:EF:C0:01:2A#
2018-10-01 15:55:45,738#:#ERROR#:#B101# Failed Bluetooth Connection on Vehicle #SND 9383,#BUID 00:00:00:00:03:14#
2018-10-01 16:00:24,670#:#ERROR#:#B101# Failed Bluetooth Connection on Vehicle #SND 8622,#BUID 00:13:EF:C0:01:78#
2018-10-01 16:18:01,602#:#ERROR#:#B101# Failed Bluetooth Connection on Vehicle #SND 8622,#BUID 00:13:EF:C0:01:78#
2018-10-01 16:34:34,340#:#ERROR#:#B101# Failed Bluetooth Connection on Vehicle #SND 7132,#BUID 00:13:EF:C0:01:7C#
